<?xml version="1.0" encoding="UTF-8"?>
<testng-results ignored="0" total="1" passed="1" failed="0" skipped="0">
  <reporter-output>
  </reporter-output>
  <suite started-at="2025-08-26T10:22:30 IST" name="Suite" finished-at="2025-08-26T10:23:04 IST" duration-ms="33442">
    <groups>
      <group name="cucumber">
        <method signature="AbstractTestNGCucumberTests.runScenario(io.cucumber.testng.PickleWrapper,io.cucumber.testng.FeatureWrapper)[pri:0, instance:TestRunner.TestNGRunner@3e27ba32]" name="runScenario" class="io.cucumber.testng.AbstractTestNGCucumberTests"/>
      </group> <!-- cucumber -->
    </groups>
    <test started-at="2025-08-26T10:22:30 IST" name="Test" finished-at="2025-08-26T10:23:04 IST" duration-ms="33442">
      <class name="TestRunner.TestNGRunner">
        <test-method is-config="true" signature="setUpClass()[pri:0, instance:TestRunner.TestNGRunner@3e27ba32]" started-at="2025-08-26T10:22:30 IST" name="setUpClass" finished-at="2025-08-26T10:22:31 IST" duration-ms="812" status="PASS">
          <reporter-output>
          </reporter-output>
        </test-method> <!-- setUpClass -->
        <test-method signature="runScenario(io.cucumber.testng.PickleWrapper,io.cucumber.testng.FeatureWrapper)[pri:0, instance:TestRunner.TestNGRunner@3e27ba32]" started-at="2025-08-26T10:22:31 IST" name="runScenario" description="Runs Cucumber Scenarios" data-provider="scenarios" finished-at="2025-08-26T10:23:01 IST" duration-ms="30084" status="PASS">
          <params>
            <param index="0">
              <value>
                <![CDATA["Register with multiple data"]]>
              </value>
            </param>
            <param index="1">
              <value>
                <![CDATA["Optional[Registration Functionality]"]]>
              </value>
            </param>
          </params>
          <reporter-output>
          </reporter-output>
        </test-method> <!-- runScenario -->
        <test-method is-config="true" signature="tearDownClass()[pri:0, instance:TestRunner.TestNGRunner@3e27ba32]" started-at="2025-08-26T10:23:01 IST" name="tearDownClass" finished-at="2025-08-26T10:23:04 IST" duration-ms="2449" status="PASS">
          <reporter-output>
          </reporter-output>
        </test-method> <!-- tearDownClass -->
      </class> <!-- TestRunner.TestNGRunner -->
    </test> <!-- Test -->
  </suite> <!-- Suite -->
</testng-results>
