<?xml version="1.0" encoding="UTF-8"?>
<!-- Generated by org.testng.reporters.JUnitXMLReporter -->
<testsuite ignored="1" hostname="DESKTOP-2S175RD" failures="0" tests="2" name="Smoke Tests" time="0.095" errors="0" timestamp="2025-08-18T00:19:47 IST">
  <testcase classname="com.wipro.selenium2.labsession16august_Q1" name="loginTest" time="0.015"/>
  <testcase classname="com.wipro.selenium2.labsession16august_Q1" name="logoutTest" time="0.002"/>
  <testcase classname="com.wipro.selenium2.labsession16august_Q1" name="paymentTest" time="0.0">
    <ignored/>
  </testcase> <!-- paymentTest -->
</testsuite> <!-- Smoke Tests -->
