<?xml version="1.0" encoding="UTF-8"?>
<!-- Generated by org.testng.reporters.JUnitXMLReporter -->
<testsuite ignored="0" hostname="DESKTOP-2S175RD" failures="0" tests="3" name="Default test" time="0.109" errors="0" timestamp="2025-08-18T00:13:30 IST">
  <testcase classname="labsession16august.Q1" name="loginTest" time="0.01"/>
  <testcase classname="labsession16august.Q1" name="logoutTest" time="0.003"/>
  <testcase classname="labsession16august.Q1" name="paymentTest" time="0.004"/>
</testsuite> <!-- Default test -->
